============================= test session starts =============================
platform win32 -- Python 3.12.12, pytest-9.0.2, pluggy-1.6.0 -- D:\Projetos\finanalytics_ai\.venv2\Scripts\python.exe
cachedir: .pytest_cache
rootdir: D:\Projetos\finanalytics_ai
configfile: pytest.ini (WARNING: ignoring pytest config in pyproject.toml!)
plugins: anyio-4.12.1, asyncio-1.3.0, cov-7.0.0, mock-3.15.1
asyncio: mode=Mode.AUTO, debug=False, asyncio_default_fixture_loop_scope=None, asyncio_default_test_loop_scope=function
collecting ... collected 717 items

tests/unit/application/test_event_processor.py::TestEventProcessorService::test_processes_new_event PASSED [  0%]
tests/unit/application/test_event_processor.py::TestEventProcessorService::test_skips_duplicate_event PASSED [  0%]
tests/unit/application/test_event_processor.py::TestEventProcessorService::test_idempotency_event_id_is_key PASSED [  0%]
tests/unit/domain/test_anomaly.py::TestStatHelpers::test_mean_correct PASSED [  0%]
tests/unit/domain/test_anomaly.py::TestStatHelpers::test_mean_empty PASSED [  0%]
tests/unit/domain/test_anomaly.py::TestStatHelpers::test_std_correct PASSED [  0%]
tests/unit/domain/test_anomaly.py::TestStatHelpers::test_std_single PASSED [  0%]
tests/unit/domain/test_anomaly.py::TestStatHelpers::test_returns_correct PASSED [  1%]
tests/unit/domain/test_anomaly.py::TestStatHelpers::test_returns_empty_for_single PASSED [  1%]
tests/unit/domain/test_anomaly.py::TestDetectZscore::test_normal_return_no_alert PASSED [  1%]
tests/unit/domain/test_anomaly.py::TestDetectZscore::test_spike_up_triggers PASSED [  1%]
tests/unit/domain/test_anomaly.py::TestDetectZscore::test_spike_down_triggers PASSED [  1%]
tests/unit/domain/test_anomaly.py::TestDetectZscore::test_short_series_empty PASSED [  1%]
tests/unit/domain/test_anomaly.py::TestDetectZscore::test_flat_series_empty PASSED [  1%]
tests/unit/domain/test_anomaly.py::TestDetectZscore::test_severity_high_for_large_z PASSED [  2%]
tests/unit/domain/test_anomaly.py::TestDetectZscore::test_anomaly_type_correct PASSED [  2%]
tests/unit/domain/test_anomaly.py::TestDetectZscore::test_timestamp_is_last_bar PASSED [  2%]
tests/unit/domain/test_anomaly.py::TestDetectZscore::test_ticker_in_event PASSED [  2%]
tests/unit/domain/test_anomaly.py::TestDetectBollinger::test_inside_bands_no_alert PASSED [  2%]
tests/unit/domain/test_anomaly.py::TestDetectBollinger::test_breakout_up_triggers PASSED [  2%]
tests/unit/domain/test_anomaly.py::TestDetectBollinger::test_breakdown_down_triggers PASSED [  2%]
tests/unit/domain/test_anomaly.py::TestDetectBollinger::test_short_series_empty PASSED [  3%]
tests/unit/domain/test_anomaly.py::TestDetectBollinger::test_flat_std_empty PASSED [  3%]
tests/unit/domain/test_anomaly.py::TestDetectBollinger::test_context_has_bands PASSED [  3%]
tests/unit/domain/test_anomaly.py::TestDetectBollinger::test_anomaly_type_correct PASSED [  3%]
tests/unit/domain/test_anomaly.py::TestDetectCusum::test_no_trend_no_alert PASSED [  3%]
tests/unit/domain/test_anomaly.py::TestDetectCusum::test_strong_uptrend_triggers_up PASSED [  3%]
tests/unit/domain/test_anomaly.py::TestDetectCusum::test_strong_downtrend_triggers_down PASSED [  3%]
tests/unit/domain/test_anomaly.py::TestDetectCusum::test_short_series_empty PASSED [  4%]
tests/unit/domain/test_anomaly.py::TestDetectCusum::test_anomaly_type_correct PASSED [  4%]
tests/unit/domain/test_anomaly.py::TestDetectCusum::test_context_has_s_values PASSED [  4%]
tests/unit/domain/test_anomaly.py::TestDetectVolumeSpike::test_normal_volume_no_alert PASSED [  4%]
tests/unit/domain/test_anomaly.py::TestDetectVolumeSpike::test_spike_3x_triggers PASSED [  4%]
tests/unit/domain/test_anomaly.py::TestDetectVolumeSpike::test_spike_5x_is_high PASSED [  4%]
tests/unit/domain/test_anomaly.py::TestDetectVolumeSpike::test_short_series_empty PASSED [  4%]
tests/unit/domain/test_anomaly.py::TestDetectVolumeSpike::test_zero_volume_ignored PASSED [  5%]
tests/unit/domain/test_anomaly.py::TestDetectVolumeSpike::test_ratio_in_score PASSED [  5%]
tests/unit/domain/test_anomaly.py::TestDetectVolumeSpike::test_anomaly_type_correct PASSED [  5%]
tests/unit/domain/test_anomaly.py::TestAnalyzeTicker::test_empty_bars_returns_error PASSED [  5%]
tests/unit/domain/test_anomaly.py::TestAnalyzeTicker::test_returns_correct_ticker PASSED [  5%]
tests/unit/domain/test_anomaly.py::TestAnalyzeTicker::test_flat_series_no_anomalies PASSED [  5%]
tests/unit/domain/test_anomaly.py::TestAnalyzeTicker::test_anomalies_sorted_high_first PASSED [  5%]
tests/unit/domain/test_anomaly.py::TestAnalyzeTicker::test_config_none_uses_defaults PASSED [  5%]
tests/unit/domain/test_anomaly.py::TestAnalyzeTicker::test_bars_analyzed_correct PASSED [  6%]
tests/unit/domain/test_anomaly.py::TestAnomalyResult::test_has_anomalies_false PASSED [  6%]
tests/unit/domain/test_anomaly.py::TestAnomalyResult::test_has_anomalies_true PASSED [  6%]
tests/unit/domain/test_anomaly.py::TestAnomalyResult::test_max_severity_none_when_empty PASSED [  6%]
tests/unit/domain/test_anomaly.py::TestAnomalyResult::test_max_severity_high PASSED [  6%]
tests/unit/domain/test_anomaly.py::TestAnomalyResult::test_to_dict_required_keys PASSED [  6%]
tests/unit/domain/test_anomaly.py::TestBuildMultiAnomalyResult::test_results_sorted_high_first PASSED [  6%]
tests/unit/domain/test_anomaly.py::TestBuildMultiAnomalyResult::test_total_tickers_correct PASSED [  7%]
tests/unit/domain/test_anomaly.py::TestBuildMultiAnomalyResult::test_tickers_with_anomalies_zero_for_flat PASSED [  7%]
tests/unit/domain/test_anomaly.py::TestBuildMultiAnomalyResult::test_empty_bars_creates_error_result PASSED [  7%]
tests/unit/domain/test_anomaly.py::TestBuildMultiAnomalyResult::test_to_dict_required_keys PASSED [  7%]
tests/unit/domain/test_anomaly.py::TestBuildMultiAnomalyResult::test_range_period_preserved PASSED [  7%]
tests/unit/domain/test_anomaly.py::TestAnomalyService::test_returns_multi_result PASSED [  7%]
tests/unit/domain/test_anomaly.py::TestAnomalyService::test_total_tickers_correct PASSED [  7%]
tests/unit/domain/test_anomaly.py::TestAnomalyService::test_empty_tickers_raises PASSED [  8%]
tests/unit/domain/test_anomaly.py::TestAnomalyService::test_tickers_normalized_uppercase PASSED [  8%]
tests/unit/domain/test_anomaly.py::TestAnomalyService::test_fetch_failure_creates_error_result PASSED [  8%]
tests/unit/domain/test_anomaly.py::TestAnomalyService::test_config_passed_to_engine PASSED [  8%]
tests/unit/domain/test_anomaly.py::TestAnomalyService::test_scan_single_returns_anomaly_result PASSED [  8%]
tests/unit/domain/test_anomaly.py::TestAnomalyService::test_max_tickers_cap PASSED [  8%]
tests/unit/domain/test_anomaly.py::TestAnomalyService::test_result_serializable PASSED [  8%]
tests/unit/domain/test_auth.py::TestUser::test_new_user_generates_uuid PASSED [  9%]
tests/unit/domain/test_auth.py::TestUser::test_new_user_two_calls_different_ids PASSED [  9%]
tests/unit/domain/test_auth.py::TestUser::test_email_lowercased PASSED   [  9%]
tests/unit/domain/test_auth.py::TestUser::test_default_role_is_user PASSED [  9%]
tests/unit/domain/test_auth.py::TestUser::test_is_active_by_default PASSED [  9%]
tests/unit/domain/test_auth.py::TestUser::test_ensure_active_raises_for_inactive PASSED [  9%]
tests/unit/domain/test_auth.py::TestUser::test_ensure_active_passes_for_active PASSED [  9%]
tests/unit/domain/test_auth.py::TestUser::test_ensure_admin_raises_for_user PASSED [ 10%]
tests/unit/domain/test_auth.py::TestUser::test_ensure_admin_passes_for_admin PASSED [ 10%]
tests/unit/domain/test_auth.py::TestUserRegistration::test_valid_registration PASSED [ 10%]
tests/unit/domain/test_auth.py::TestUserRegistration::test_email_normalized PASSED [ 10%]
tests/unit/domain/test_auth.py::TestUserRegistration::test_short_password_raises PASSED [ 10%]
tests/unit/domain/test_auth.py::TestUserRegistration::test_invalid_email_raises PASSED [ 10%]
tests/unit/domain/test_auth.py::TestUserRegistration::test_empty_name_raises PASSED [ 10%]
tests/unit/domain/test_auth.py::TestUserRegistration::test_exact_8_chars_password_ok PASSED [ 11%]
tests/unit/domain/test_auth.py::TestAuthExceptions::test_invalid_credentials_code PASSED [ 11%]
tests/unit/domain/test_auth.py::TestAuthExceptions::test_token_expired_code PASSED [ 11%]
tests/unit/domain/test_auth.py::TestAuthExceptions::test_token_invalid_code PASSED [ 11%]
tests/unit/domain/test_auth.py::TestAuthExceptions::test_email_already_exists PASSED [ 11%]
tests/unit/domain/test_auth.py::TestAuthExceptions::test_user_not_found PASSED [ 11%]
tests/unit/domain/test_auth.py::TestAuthExceptions::test_all_errors_are_auth_error_subclasses PASSED [ 11%]
tests/unit/domain/test_auth.py::TestTokenPayload::test_frozen_immutable PASSED [ 11%]
tests/unit/domain/test_auth.py::TestTokenPayload::test_access_type PASSED [ 12%]
tests/unit/domain/test_auth.py::TestJWTHandler::test_create_access_token_is_string PASSED [ 12%]
tests/unit/domain/test_auth.py::TestJWTHandler::test_create_refresh_token_is_string PASSED [ 12%]
tests/unit/domain/test_auth.py::TestJWTHandler::test_access_and_refresh_different PASSED [ 12%]
tests/unit/domain/test_auth.py::TestJWTHandler::test_decode_access_token PASSED [ 12%]
tests/unit/domain/test_auth.py::TestJWTHandler::test_decode_refresh_token PASSED [ 12%]
tests/unit/domain/test_auth.py::TestJWTHandler::test_decode_refresh_via_method PASSED [ 12%]
tests/unit/domain/test_auth.py::TestJWTHandler::test_decode_refresh_rejects_access_token PASSED [ 13%]
tests/unit/domain/test_auth.py::TestJWTHandler::test_invalid_token_raises PASSED [ 13%]
tests/unit/domain/test_auth.py::TestJWTHandler::test_tampered_token_raises FAILED [ 13%]
tests/unit/domain/test_auth.py::TestJWTHandler::test_wrong_secret_raises FAILED [ 13%]
tests/unit/domain/test_auth.py::TestJWTHandler::test_create_token_pair PASSED [ 13%]
tests/unit/domain/test_auth.py::TestJWTHandler::test_expired_token_raises PASSED [ 13%]
tests/unit/domain/test_auth.py::TestJWTHandler::test_payload_has_jti PASSED [ 13%]
tests/unit/domain/test_auth.py::TestJWTHandler::test_role_preserved_in_token PASSED [ 14%]
tests/unit/domain/test_auth.py::TestPasswordHasher::test_hash_is_string PASSED [ 14%]
tests/unit/domain/test_auth.py::TestPasswordHasher::test_hash_not_equal_to_plain PASSED [ 14%]
tests/unit/domain/test_auth.py::TestPasswordHasher::test_verify_correct_password PASSED [ 14%]
tests/unit/domain/test_auth.py::TestPasswordHasher::test_verify_wrong_password PASSED [ 14%]
tests/unit/domain/test_auth.py::TestPasswordHasher::test_same_password_different_hashes PASSED [ 14%]
tests/unit/domain/test_auth.py::TestPasswordHasher::test_both_hashes_verify_same_password PASSED [ 14%]
tests/unit/domain/test_auth.py::TestPasswordHasher::test_empty_password PASSED [ 15%]
tests/unit/domain/test_correlation.py::TestExtractReturns::test_empty_returns_empty PASSED [ 15%]
tests/unit/domain/test_correlation.py::TestExtractReturns::test_single_bar_returns_empty PASSED [ 15%]
tests/unit/domain/test_correlation.py::TestExtractReturns::test_length_is_bars_minus_one PASSED [ 15%]
tests/unit/domain/test_correlation.py::TestExtractReturns::test_flat_prices_zero_returns PASSED [ 15%]
tests/unit/domain/test_correlation.py::TestExtractReturns::test_10pct_gain PASSED [ 15%]
tests/unit/domain/test_correlation.py::TestExtractReturns::test_negative_return PASSED [ 15%]
tests/unit/domain/test_correlation.py::TestExtractReturns::test_key_is_current_bar_timestamp PASSED [ 16%]
tests/unit/domain/test_correlation.py::TestExtractReturns::test_multiple_returns_correct PASSED [ 16%]
tests/unit/domain/test_correlation.py::TestAlignReturns::test_empty_map PASSED [ 16%]
tests/unit/domain/test_correlation.py::TestAlignReturns::test_common_timestamps_only PASSED [ 16%]
tests/unit/domain/test_correlation.py::TestAlignReturns::test_no_common_timestamps PASSED [ 16%]
tests/unit/domain/test_correlation.py::TestAlignReturns::test_aligned_series_same_length PASSED [ 16%]
tests/unit/domain/test_correlation.py::TestAlignReturns::test_timestamps_sorted_ascending PASSED [ 16%]
tests/unit/domain/test_correlation.py::TestAlignReturns::test_values_correspond_to_timestamps PASSED [ 17%]
tests/unit/domain/test_correlation.py::TestPearson::test_perfect_positive_correlation PASSED [ 17%]
tests/unit/domain/test_correlation.py::TestPearson::test_perfect_negative_correlation PASSED [ 17%]
tests/unit/domain/test_correlation.py::TestPearson::test_zero_correlation PASSED [ 17%]
tests/unit/domain/test_correlation.py::TestPearson::test_constant_series_returns_zero PASSED [ 17%]
tests/unit/domain/test_correlation.py::TestPearson::test_both_constant_returns_zero PASSED [ 17%]
tests/unit/domain/test_correlation.py::TestPearson::test_symmetric PASSED [ 17%]
tests/unit/domain/test_correlation.py::TestPearson::test_result_in_minus1_to_1 PASSED [ 17%]
tests/unit/domain/test_correlation.py::TestPearson::test_too_short_series PASSED [ 18%]
tests/unit/domain/test_correlation.py::TestPearson::test_empty_series PASSED [ 18%]
tests/unit/domain/test_correlation.py::TestPearson::test_known_value PASSED [ 18%]
tests/unit/domain/test_correlation.py::TestCorrelationMatrix::test_diagonal_is_one PASSED [ 18%]
tests/unit/domain/test_correlation.py::TestCorrelationMatrix::test_symmetric PASSED [ 18%]
tests/unit/domain/test_correlation.py::TestCorrelationMatrix::test_perfect_positive_between_identical PASSED [ 18%]
tests/unit/domain/test_correlation.py::TestCorrelationMatrix::test_perfect_negative PASSED [ 18%]
tests/unit/domain/test_correlation.py::TestCorrelationMatrix::test_three_tickers_full_matrix PASSED [ 19%]
tests/unit/domain/test_correlation.py::TestRollingCorrelation::test_correct_length PASSED [ 19%]
tests/unit/domain/test_correlation.py::TestRollingCorrelation::test_empty_when_too_short PASSED [ 19%]
tests/unit/domain/test_correlation.py::TestRollingCorrelation::test_result_in_minus1_to_1 PASSED [ 19%]
tests/unit/domain/test_correlation.py::TestRollingCorrelation::test_timestamps_correct PASSED [ 19%]
tests/unit/domain/test_correlation.py::TestRollingCorrelation::test_result_has_required_keys PASSED [ 19%]
tests/unit/domain/test_correlation.py::TestRollingCorrelation::test_identical_series_always_one PASSED [ 19%]
tests/unit/domain/test_correlation.py::TestBuildCorrelationResult::test_common_bars_correct PASSED [ 20%]
tests/unit/domain/test_correlation.py::TestBuildCorrelationResult::test_matrix_nxn PASSED [ 20%]
tests/unit/domain/test_correlation.py::TestBuildCorrelationResult::test_matrix_diagonal_one PASSED [ 20%]
tests/unit/domain/test_correlation.py::TestBuildCorrelationResult::test_most_correlated_populated PASSED [ 20%]
tests/unit/domain/test_correlation.py::TestBuildCorrelationResult::test_least_correlated_populated PASSED [ 20%]
tests/unit/domain/test_correlation.py::TestBuildCorrelationResult::test_rolling_pairs_all_combinations PASSED [ 20%]
tests/unit/domain/test_correlation.py::TestBuildCorrelationResult::test_rolling_pairs_three_tickers PASSED [ 20%]
tests/unit/domain/test_correlation.py::TestBuildCorrelationResult::test_diversification_score_in_range PASSED [ 21%]
tests/unit/domain/test_correlation.py::TestBuildCorrelationResult::test_diversification_zero_for_perfect_correlation PASSED [ 21%]
tests/unit/domain/test_correlation.py::TestBuildCorrelationResult::test_errors_propagated PASSED [ 21%]
tests/unit/domain/test_correlation.py::TestBuildCorrelationResult::test_insufficient_data_returns_empty_result PASSED [ 21%]
tests/unit/domain/test_correlation.py::TestBuildCorrelationResult::test_to_dict_required_keys PASSED [ 21%]
tests/unit/domain/test_correlation.py::TestBuildCorrelationResult::test_metadata_preserved PASSED [ 21%]
tests/unit/domain/test_correlation.py::TestBuildCorrelationResult::test_various_ticker_counts[2] PASSED [ 21%]
tests/unit/domain/test_correlation.py::TestBuildCorrelationResult::test_various_ticker_counts[3] PASSED [ 22%]
tests/unit/domain/test_correlation.py::TestBuildCorrelationResult::test_various_ticker_counts[4] PASSED [ 22%]
tests/unit/domain/test_correlation.py::TestBuildCorrelationResult::test_various_ticker_counts[5] PASSED [ 22%]
tests/unit/domain/test_correlation.py::TestCorrelationService::test_returns_correlation_result PASSED [ 22%]
tests/unit/domain/test_correlation.py::TestCorrelationService::test_matrix_has_both_tickers PASSED [ 22%]
tests/unit/domain/test_correlation.py::TestCorrelationService::test_empty_tickers_raises PASSED [ 22%]
tests/unit/domain/test_correlation.py::TestCorrelationService::test_single_ticker_raises PASSED [ 22%]
tests/unit/domain/test_correlation.py::TestCorrelationService::test_too_many_tickers_raises PASSED [ 23%]
tests/unit/domain/test_correlation.py::TestCorrelationService::test_one_ticker_fails_partial_success PASSED [ 23%]
tests/unit/domain/test_correlation.py::TestCorrelationService::test_all_tickers_fail_raises PASSED [ 23%]
tests/unit/domain/test_correlation.py::TestCorrelationService::test_one_valid_ticker_raises PASSED [ 23%]
tests/unit/domain/test_correlation.py::TestCorrelationService::test_tickers_normalized_uppercase PASSED [ 23%]
tests/unit/domain/test_correlation.py::TestCorrelationService::test_rolling_window_in_result PASSED [ 23%]
tests/unit/domain/test_correlation.py::TestCorrelationService::test_window_adapted_for_short_data PASSED [ 23%]
tests/unit/domain/test_correlation.py::TestCorrelationService::test_result_serializable PASSED [ 23%]
tests/unit/domain/test_correlation.py::TestCorrelationService::test_three_tickers_all_pairs PASSED [ 24%]
tests/unit/domain/test_correlation.py::TestCorrelationService::test_semaphore_limits_concurrency PASSED [ 24%]
tests/unit/domain/test_etf.py::test_catalog_size PASSED                  [ 24%]
tests/unit/domain/test_etf.py::test_bova11_exists PASSED                 [ 24%]
tests/unit/domain/test_etf.py::test_bova11_benchmark PASSED              [ 24%]
tests/unit/domain/test_etf.py::test_ivvb11_category PASSED               [ 24%]
tests/unit/domain/test_etf.py::test_hash11_category PASSED               [ 24%]
tests/unit/domain/test_etf.py::test_ntnb11_category PASSED               [ 25%]
tests/unit/domain/test_etf.py::test_rf_category_count PASSED             [ 25%]
tests/unit/domain/test_etf.py::test_gold11_category PASSED               [ 25%]
tests/unit/domain/test_etf.py::test_all_have_benchmark PASSED            [ 25%]
tests/unit/domain/test_etf.py::test_all_ter_nonneg PASSED                [ 25%]
tests/unit/domain/test_etf.py::test_returns_length PASSED                [ 25%]
tests/unit/domain/test_etf.py::test_first_return PASSED                  [ 25%]
tests/unit/domain/test_etf.py::test_max_dd_negative PASSED               [ 26%]
tests/unit/domain/test_etf.py::test_max_dd_monotone_zero PASSED          [ 26%]
tests/unit/domain/test_etf.py::test_cagr_positive PASSED                 [ 26%]
tests/unit/domain/test_etf.py::test_cagr_approx_15pct PASSED             [ 26%]
tests/unit/domain/test_etf.py::test_pearson_self PASSED                  [ 26%]
tests/unit/domain/test_etf.py::test_pearson_negative PASSED              [ 26%]
tests/unit/domain/test_etf.py::test_quality_excelente PASSED             [ 26%]
tests/unit/domain/test_etf.py::test_quality_boa PASSED                   [ 27%]
tests/unit/domain/test_etf.py::test_quality_razoavel PASSED              [ 27%]
tests/unit/domain/test_etf.py::test_quality_desvio PASSED                [ 27%]
tests/unit/domain/test_etf.py::test_metrics_total_return_pct PASSED      [ 27%]
tests/unit/domain/test_etf.py::test_metrics_max_dd_pct PASSED            [ 27%]
tests/unit/domain/test_etf.py::test_metrics_sharpe_label PASSED          [ 27%]
tests/unit/domain/test_etf.py::test_metrics_to_dict_keys PASSED          [ 27%]
tests/unit/domain/test_fgc.py::test_cdb_covered PASSED                   [ 28%]
tests/unit/domain/test_fgc.py::test_lci_covered PASSED                   [ 28%]
tests/unit/domain/test_fgc.py::test_lca_covered PASSED                   [ 28%]
tests/unit/domain/test_fgc.py::test_cri_not_covered PASSED               [ 28%]
tests/unit/domain/test_fgc.py::test_cra_not_covered PASSED               [ 28%]
tests/unit/domain/test_fgc.py::test_deb_not_covered PASSED               [ 28%]
tests/unit/domain/test_fgc.py::test_tesouro_selic PASSED                 [ 28%]
tests/unit/domain/test_fgc.py::test_tesouro_ipca PASSED                  [ 29%]
tests/unit/domain/test_fgc.py::test_tesouro_pre PASSED                   [ 29%]
tests/unit/domain/test_fgc.py::test_within_limit_no_excess PASSED        [ 29%]
tests/unit/domain/test_fgc.py::test_within_limit_score_high PASSED       [ 29%]
tests/unit/domain/test_fgc.py::test_within_limit_no_critical PASSED      [ 29%]
tests/unit/domain/test_fgc.py::test_excess_detected PASSED               [ 29%]
tests/unit/domain/test_fgc.py::test_excess_correct PASSED                [ 29%]
tests/unit/domain/test_fgc.py::test_excess_alert_present PASSED          [ 29%]
tests/unit/domain/test_fgc.py::test_excess_score_reduced PASSED          [ 30%]
tests/unit/domain/test_fgc.py::test_uncovered_total PASSED               [ 30%]
tests/unit/domain/test_fgc.py::test_uncovered_alert PASSED               [ 30%]
tests/unit/domain/test_fgc.py::test_uncovered_score_low FAILED           [ 30%]
tests/unit/domain/test_fgc.py::test_sovereign_not_uncovered PASSED       [ 30%]
tests/unit/domain/test_fgc.py::test_sovereign_info_alert PASSED          [ 30%]
tests/unit/domain/test_fgc.py::test_sovereign_at_risk_zero PASSED        [ 30%]
tests/unit/domain/test_fgc.py::test_empty_portfolio PASSED               [ 31%]
tests/unit/domain/test_fgc.py::test_matured_ignored PASSED               [ 31%]
tests/unit/domain/test_fund_analysis.py::test_investir_color PASSED      [ 31%]
tests/unit/domain/test_fund_analysis.py::test_nao_investir_color PASSED  [ 31%]
tests/unit/domain/test_fund_analysis.py::test_aguardar_color PASSED      [ 31%]
tests/unit/domain/test_fund_analysis.py::test_score_excelente PASSED     [ 31%]
tests/unit/domain/test_fund_analysis.py::test_score_bom PASSED           [ 31%]
tests/unit/domain/test_fund_analysis.py::test_score_regular PASSED       [ 32%]
tests/unit/domain/test_fund_analysis.py::test_score_ruim PASSED          [ 32%]
tests/unit/domain/test_fund_analysis.py::test_to_dict_complete PASSED    [ 32%]
tests/unit/domain/test_fund_analysis.py::test_to_dict_metrics_serialized PASSED [ 32%]
tests/unit/domain/test_fund_analysis.py::test_dimensions_in_to_dict PASSED [ 32%]
tests/unit/domain/test_fund_analysis.py::test_red_flags_in_to_dict PASSED [ 32%]
tests/unit/domain/test_fund_analysis.py::test_null_metrics_safe PASSED   [ 32%]
tests/unit/domain/test_indicators.py::TestRSI::test_output_length_matches_input PASSED [ 33%]
tests/unit/domain/test_indicators.py::TestRSI::test_warmup_is_none PASSED [ 33%]
tests/unit/domain/test_indicators.py::TestRSI::test_valid_values_in_range PASSED [ 33%]
tests/unit/domain/test_indicators.py::TestRSI::test_rising_series_rsi_above_50 PASSED [ 33%]
tests/unit/domain/test_indicators.py::TestRSI::test_falling_series_rsi_below_50 PASSED [ 33%]
tests/unit/domain/test_indicators.py::TestRSI::test_flat_series_rsi_is_none_or_fifty PASSED [ 33%]
tests/unit/domain/test_indicators.py::TestRSI::test_too_short_returns_all_none PASSED [ 33%]
tests/unit/domain/test_indicators.py::TestRSI::test_empty_input PASSED   [ 34%]
tests/unit/domain/test_indicators.py::TestRSI::test_reference_values PASSED [ 34%]
tests/unit/domain/test_indicators.py::TestMACD::test_output_length_matches_input PASSED [ 34%]
tests/unit/domain/test_indicators.py::TestMACD::test_warmup_indices_are_none PASSED [ 34%]
tests/unit/domain/test_indicators.py::TestMACD::test_histogram_equals_macd_minus_signal PASSED [ 34%]
tests/unit/domain/test_indicators.py::TestMACD::test_rising_series_macd_positive PASSED [ 34%]
tests/unit/domain/test_indicators.py::TestMACD::test_empty_input PASSED  [ 34%]
tests/unit/domain/test_indicators.py::TestMACD::test_too_short_returns_all_none PASSED [ 35%]
tests/unit/domain/test_indicators.py::TestBollinger::test_output_length_matches_input PASSED [ 35%]
tests/unit/domain/test_indicators.py::TestBollinger::test_warmup_is_none PASSED [ 35%]
tests/unit/domain/test_indicators.py::TestBollinger::test_upper_always_above_lower PASSED [ 35%]
tests/unit/domain/test_indicators.py::TestBollinger::test_middle_between_bands PASSED [ 35%]
tests/unit/domain/test_indicators.py::TestBollinger::test_flat_series_bands_converge PASSED [ 35%]
tests/unit/domain/test_indicators.py::TestBollinger::test_pct_b_close_to_middle_is_half PASSED [ 35%]
tests/unit/domain/test_indicators.py::TestBollinger::test_empty_input PASSED [ 35%]
tests/unit/domain/test_indicators.py::TestBollinger::test_std_dev_scaling PASSED [ 36%]
tests/unit/domain/test_indicators.py::TestComputeAll::test_all_arrays_same_length PASSED [ 36%]
tests/unit/domain/test_indicators.py::TestComputeAll::test_timestamps_match_bars PASSED [ 36%]
tests/unit/domain/test_indicators.py::TestComputeAll::test_empty_bars PASSED [ 36%]
tests/unit/domain/test_indicators.py::TestComputeAll::test_very_short_bars PASSED [ 36%]
tests/unit/domain/test_multi_ticker.py::TestBuildMultiTickerResult::test_all_success_produces_rankings PASSED [ 36%]
tests/unit/domain/test_multi_ticker.py::TestBuildMultiTickerResult::test_rankings_ordered_by_score_desc PASSED [ 36%]
tests/unit/domain/test_multi_ticker.py::TestBuildMultiTickerResult::test_rank_numbers_start_at_one PASSED [ 37%]
tests/unit/domain/test_multi_ticker.py::TestBuildMultiTickerResult::test_best_ticker_is_highest_score PASSED [ 37%]
tests/unit/domain/test_multi_ticker.py::TestBuildMultiTickerResult::test_worst_ticker_is_lowest_score PASSED [ 37%]
tests/unit/domain/test_multi_ticker.py::TestBuildMultiTickerResult::test_single_ticker_score_pct_is_100 PASSED [ 37%]
tests/unit/domain/test_multi_ticker.py::TestBuildMultiTickerResult::test_top_ticker_score_pct_is_100 PASSED [ 37%]
tests/unit/domain/test_multi_ticker.py::TestBuildMultiTickerResult::test_score_pct_in_range_0_100 PASSED [ 37%]
tests/unit/domain/test_multi_ticker.py::TestBuildMultiTickerResult::test_hit_rate_all_valid PASSED [ 37%]
tests/unit/domain/test_multi_ticker.py::TestBuildMultiTickerResult::test_hit_rate_half_valid PASSED [ 38%]
tests/unit/domain/test_multi_ticker.py::TestBuildMultiTickerResult::test_hit_rate_zero_no_valid PASSED [ 38%]
tests/unit/domain/test_multi_ticker.py::TestBuildMultiTickerResult::test_avg_score_correct PASSED [ 38%]
tests/unit/domain/test_multi_ticker.py::TestBuildMultiTickerResult::test_score_std_zero_for_equal_scores PASSED [ 38%]
tests/unit/domain/test_multi_ticker.py::TestBuildMultiTickerResult::test_score_std_positive_for_different_scores PASSED [ 38%]
tests/unit/domain/test_multi_ticker.py::TestBuildMultiTickerResult::test_all_failures_empty_rankings PASSED [ 38%]
tests/unit/domain/test_multi_ticker.py::TestBuildMultiTickerResult::test_partial_failure_errors_captured PASSED [ 38%]
tests/unit/domain/test_multi_ticker.py::TestBuildMultiTickerResult::test_tickers_list_includes_all_inputs PASSED [ 39%]
tests/unit/domain/test_multi_ticker.py::TestBuildMultiTickerResult::test_to_dict_required_keys PASSED [ 39%]
tests/unit/domain/test_multi_ticker.py::TestBuildMultiTickerResult::test_ticker_ranking_to_dict_keys PASSED [ 39%]
tests/unit/domain/test_multi_ticker.py::TestBuildMultiTickerResult::test_has_valid_true_for_valid_runs PASSED [ 39%]
tests/unit/domain/test_multi_ticker.py::TestBuildMultiTickerResult::test_has_valid_false_for_zero_valid_runs PASSED [ 39%]
tests/unit/domain/test_multi_ticker.py::TestBuildMultiTickerResult::test_consensus_params_populated PASSED [ 39%]
tests/unit/domain/test_multi_ticker.py::TestBuildMultiTickerResult::test_metadata_fields_preserved PASSED [ 39%]
tests/unit/domain/test_multi_ticker.py::TestFindConsensusParams::test_empty_list_returns_empty PASSED [ 40%]
tests/unit/domain/test_multi_ticker.py::TestFindConsensusParams::test_single_dict_returns_same PASSED [ 40%]
tests/unit/domain/test_multi_ticker.py::TestFindConsensusParams::test_majority_wins PASSED [ 40%]
tests/unit/domain/test_multi_ticker.py::TestFindConsensusParams::test_tie_broken_by_max PASSED [ 40%]
tests/unit/domain/test_multi_ticker.py::TestFindConsensusParams::test_float_values_work PASSED [ 40%]
tests/unit/domain/test_multi_ticker.py::TestFindConsensusParams::test_missing_key_in_some_dicts PASSED [ 40%]
tests/unit/domain/test_multi_ticker.py::TestFindConsensusParams::test_all_keys_from_all_dicts PASSED [ 40%]
tests/unit/domain/test_multi_ticker.py::TestMultiTickerService::test_returns_multi_ticker_result PASSED [ 41%]
tests/unit/domain/test_multi_ticker.py::TestMultiTickerService::test_best_ticker_correct PASSED [ 41%]
tests/unit/domain/test_multi_ticker.py::TestMultiTickerService::test_failed_ticker_in_errors PASSED [ 41%]
tests/unit/domain/test_multi_ticker.py::TestMultiTickerService::test_all_tickers_fail_empty_rankings PASSED [ 41%]
tests/unit/domain/test_multi_ticker.py::TestMultiTickerService::test_empty_tickers_raises_backtest_error PASSED [ 41%]
tests/unit/domain/test_multi_ticker.py::TestMultiTickerService::test_whitespace_only_tickers_raises PASSED [ 41%]
tests/unit/domain/test_multi_ticker.py::TestMultiTickerService::test_too_many_tickers_raises PASSED [ 41%]
tests/unit/domain/test_multi_ticker.py::TestMultiTickerService::test_invalid_objective_raises PASSED [ 41%]
tests/unit/domain/test_multi_ticker.py::TestMultiTickerService::test_tickers_normalized_to_uppercase PASSED [ 42%]
tests/unit/domain/test_multi_ticker.py::TestMultiTickerService::test_tickers_whitespace_stripped PASSED [ 42%]
tests/unit/domain/test_multi_ticker.py::TestMultiTickerService::test_max_concurrent_semaphore_respected PASSED [ 42%]
tests/unit/domain/test_multi_ticker.py::TestMultiTickerService::test_result_metadata_correct PASSED [ 42%]
tests/unit/domain/test_multi_ticker.py::TestMultiTickerService::test_passes_params_to_optimizer PASSED [ 42%]
tests/unit/domain/test_multi_ticker.py::TestMultiTickerService::test_single_ticker_returns_valid_result PASSED [ 42%]
tests/unit/domain/test_multi_ticker.py::TestMultiTickerService::test_result_serializable PASSED [ 42%]
tests/unit/domain/test_new_strategies.py::TestBollingerBandsStrategy::test_signal_length_matches_bars PASSED [ 43%]
tests/unit/domain/test_new_strategies.py::TestBollingerBandsStrategy::test_flat_series_no_signals PASSED [ 43%]
tests/unit/domain/test_new_strategies.py::TestBollingerBandsStrategy::test_dip_below_lower_band_generates_buy PASSED [ 43%]
tests/unit/domain/test_new_strategies.py::TestBollingerBandsStrategy::test_spike_above_upper_band_generates_sell PASSED [ 43%]
tests/unit/domain/test_new_strategies.py::TestBollingerBandsStrategy::test_params_dict PASSED [ 43%]
tests/unit/domain/test_new_strategies.py::TestBollingerBandsStrategy::test_default_params PASSED [ 43%]
tests/unit/domain/test_new_strategies.py::TestBollingerBandsStrategy::test_integration_with_run_backtest PASSED [ 43%]
tests/unit/domain/test_new_strategies.py::TestBollingerBandsStrategy::test_shorter_period_produces_different_signals PASSED [ 44%]
tests/unit/domain/test_new_strategies.py::TestBollingerBandsStrategy::test_wider_bands_fewer_signals[1.5] PASSED [ 44%]
tests/unit/domain/test_new_strategies.py::TestBollingerBandsStrategy::test_wider_bands_fewer_signals[2.0] PASSED [ 44%]
tests/unit/domain/test_new_strategies.py::TestBollingerBandsStrategy::test_wider_bands_fewer_signals[2.5] PASSED [ 44%]
tests/unit/domain/test_new_strategies.py::TestEMACrossStrategy::test_signal_length_matches_bars PASSED [ 44%]
tests/unit/domain/test_new_strategies.py::TestEMACrossStrategy::test_all_hold_during_warmup PASSED [ 44%]
tests/unit/domain/test_new_strategies.py::TestEMACrossStrategy::test_golden_cross_generates_buy PASSED [ 44%]
tests/unit/domain/test_new_strategies.py::TestEMACrossStrategy::test_death_cross_generates_sell PASSED [ 45%]
tests/unit/domain/test_new_strategies.py::TestEMACrossStrategy::test_flat_series_minimal_signals PASSED [ 45%]
tests/unit/domain/test_new_strategies.py::TestEMACrossStrategy::test_params_dict PASSED [ 45%]
tests/unit/domain/test_new_strategies.py::TestEMACrossStrategy::test_default_params PASSED [ 45%]
tests/unit/domain/test_new_strategies.py::TestEMACrossStrategy::test_fast_must_be_less_than_slow_for_crossover PASSED [ 45%]
tests/unit/domain/test_new_strategies.py::TestEMACrossStrategy::test_multiple_crossovers_in_zigzag PASSED [ 45%]
tests/unit/domain/test_new_strategies.py::TestEMACrossStrategy::test_integration_with_run_backtest PASSED [ 45%]
tests/unit/domain/test_new_strategies.py::TestEMACrossStrategy::test_various_ema_periods[5-13] PASSED [ 46%]
tests/unit/domain/test_new_strategies.py::TestEMACrossStrategy::test_various_ema_periods[9-21] PASSED [ 46%]
tests/unit/domain/test_new_strategies.py::TestEMACrossStrategy::test_various_ema_periods[13-34] PASSED [ 46%]
tests/unit/domain/test_new_strategies.py::TestMomentumStrategy::test_signal_length_matches_bars PASSED [ 46%]
tests/unit/domain/test_new_strategies.py::TestMomentumStrategy::test_roc_zero_crossing_generates_buy PASSED [ 46%]
tests/unit/domain/test_new_strategies.py::TestMomentumStrategy::test_roc_zero_crossing_generates_sell PASSED [ 46%]
tests/unit/domain/test_new_strategies.py::TestMomentumStrategy::test_constant_prices_no_signals PASSED [ 46%]
tests/unit/domain/test_new_strategies.py::TestMomentumStrategy::test_rsi_filter_blocks_overbought_buys PASSED [ 47%]
tests/unit/domain/test_new_strategies.py::TestMomentumStrategy::test_rsi_filter_zero_disables_filtering PASSED [ 47%]
tests/unit/domain/test_new_strategies.py::TestMomentumStrategy::test_params_dict PASSED [ 47%]
tests/unit/domain/test_new_strategies.py::TestMomentumStrategy::test_default_params PASSED [ 47%]
tests/unit/domain/test_new_strategies.py::TestMomentumStrategy::test_shorter_period_more_crossings PASSED [ 47%]
tests/unit/domain/test_new_strategies.py::TestMomentumStrategy::test_integration_with_run_backtest PASSED [ 47%]
tests/unit/domain/test_new_strategies.py::TestMomentumStrategy::test_correct_length_for_various_periods[5] PASSED [ 47%]
tests/unit/domain/test_new_strategies.py::TestMomentumStrategy::test_correct_length_for_various_periods[10] PASSED [ 47%]
tests/unit/domain/test_new_strategies.py::TestMomentumStrategy::test_correct_length_for_various_periods[15] PASSED [ 48%]
tests/unit/domain/test_new_strategies.py::TestMomentumStrategy::test_correct_length_for_various_periods[20] PASSED [ 48%]
tests/unit/domain/test_new_strategies.py::TestGetStrategyNewStrategies::test_all_six_keys_in_registry PASSED [ 48%]
tests/unit/domain/test_new_strategies.py::TestGetStrategyNewStrategies::test_factory_bollinger PASSED [ 48%]
tests/unit/domain/test_new_strategies.py::TestGetStrategyNewStrategies::test_factory_ema_cross PASSED [ 48%]
tests/unit/domain/test_new_strategies.py::TestGetStrategyNewStrategies::test_factory_momentum PASSED [ 48%]
tests/unit/domain/test_new_strategies.py::TestGetStrategyNewStrategies::test_factory_bollinger_custom_params PASSED [ 48%]
tests/unit/domain/test_new_strategies.py::TestGetStrategyNewStrategies::test_factory_ema_cross_custom_params PASSED [ 49%]
tests/unit/domain/test_new_strategies.py::TestGetStrategyNewStrategies::test_factory_momentum_custom_params PASSED [ 49%]
tests/unit/domain/test_new_strategies.py::TestGetStrategyNewStrategies::test_all_strategies_have_generate_signals PASSED [ 49%]
tests/unit/domain/test_new_strategies.py::TestGetStrategyNewStrategies::test_all_strategies_have_params_property PASSED [ 49%]
tests/unit/domain/test_optimizer.py::TestOptimizationObjective::test_all_values_exist PASSED [ 49%]
tests/unit/domain/test_optimizer.py::TestOptimizationObjective::test_score_sharpe PASSED [ 49%]
tests/unit/domain/test_optimizer.py::TestOptimizationObjective::test_score_return PASSED [ 49%]
tests/unit/domain/test_optimizer.py::TestOptimizationObjective::test_score_calmar PASSED [ 50%]
tests/unit/domain/test_optimizer.py::TestOptimizationObjective::test_score_win_rate PASSED [ 50%]
tests/unit/domain/test_optimizer.py::TestOptimizationObjective::test_score_profit_factor PASSED [ 50%]
tests/unit/domain/test_optimizer.py::TestFilterInvalid::test_ema_cross_removes_fast_gte_slow PASSED [ 50%]
tests/unit/domain/test_optimizer.py::TestFilterInvalid::test_macd_removes_fast_gte_slow PASSED [ 50%]
tests/unit/domain/test_optimizer.py::TestFilterInvalid::test_rsi_passes_all_combos PASSED [ 50%]
tests/unit/domain/test_optimizer.py::TestFilterInvalid::test_unknown_strategy_passes_all PASSED [ 50%]
tests/unit/domain/test_optimizer.py::TestGridSearch::test_rsi_combination_count PASSED [ 51%]
tests/unit/domain/test_optimizer.py::TestGridSearch::test_bollinger_combination_count PASSED [ 51%]
tests/unit/domain/test_optimizer.py::TestGridSearch::test_ema_cross_filters_fast_gte_slow PASSED [ 51%]
tests/unit/domain/test_optimizer.py::TestGridSearch::test_top_results_ordered_by_score PASSED [ 51%]
tests/unit/domain/test_optimizer.py::TestGridSearch::test_top_rank_starts_at_one PASSED [ 51%]
tests/unit/domain/test_optimizer.py::TestGridSearch::test_top_n_respected PASSED [ 51%]
tests/unit/domain/test_optimizer.py::TestGridSearch::test_valid_runs_gte_min_trades PASSED [ 51%]
tests/unit/domain/test_optimizer.py::TestGridSearch::test_invalid_strategy_raises_value_error PASSED [ 52%]
tests/unit/domain/test_optimizer.py::TestGridSearch::test_grid_too_large_raises_value_error PASSED [ 52%]
tests/unit/domain/test_optimizer.py::TestGridSearch::test_custom_space_overrides_default PASSED [ 52%]
tests/unit/domain/test_optimizer.py::TestGridSearch::test_to_dict_keys PASSED [ 52%]
tests/unit/domain/test_optimizer.py::TestGridSearch::test_best_params_is_dict PASSED [ 52%]
tests/unit/domain/test_optimizer.py::TestGridSearch::test_best_score_is_float PASSED [ 52%]
tests/unit/domain/test_optimizer.py::TestGridSearch::test_heatmap_has_required_keys PASSED [ 52%]
tests/unit/domain/test_optimizer.py::TestGridSearch::test_heatmap_matrix_values_are_floats_or_none PASSED [ 52%]
tests/unit/domain/test_optimizer.py::TestGridSearch::test_all_objectives_run_without_error[sharpe] PASSED [ 53%]
tests/unit/domain/test_optimizer.py::TestGridSearch::test_all_objectives_run_without_error[return] PASSED [ 53%]
tests/unit/domain/test_optimizer.py::TestGridSearch::test_all_objectives_run_without_error[calmar] PASSED [ 53%]
tests/unit/domain/test_optimizer.py::TestGridSearch::test_all_objectives_run_without_error[win_rate] PASSED [ 53%]
tests/unit/domain/test_optimizer.py::TestGridSearch::test_all_objectives_run_without_error[profit_factor] PASSED [ 53%]
tests/unit/domain/test_optimizer.py::TestGridSearch::test_optimized_run_to_dict PASSED [ 53%]
tests/unit/domain/test_optimizer.py::TestGridSearch::test_penalized_invalid_runs_have_negative_score PASSED [ 53%]
tests/unit/domain/test_optimizer.py::TestWalkForward::test_correct_number_of_folds PASSED [ 54%]
tests/unit/domain/test_optimizer.py::TestWalkForward::test_fold_bars_cover_dataset PASSED [ 54%]
tests/unit/domain/test_optimizer.py::TestWalkForward::test_rolling_is_size_constant PASSED [ 54%]
tests/unit/domain/test_optimizer.py::TestWalkForward::test_anchored_is_size_grows PASSED [ 54%]
tests/unit/domain/test_optimizer.py::TestWalkForward::test_best_params_dict_non_empty PASSED [ 54%]
tests/unit/domain/test_optimizer.py::TestWalkForward::test_is_score_positive_for_valid_optimizations PASSED [ 54%]
tests/unit/domain/test_optimizer.py::TestWalkForward::test_efficiency_ratio_in_range PASSED [ 54%]
tests/unit/domain/test_optimizer.py::TestWalkForward::test_consistency_pct_in_range PASSED [ 55%]
tests/unit/domain/test_optimizer.py::TestWalkForward::test_degradation_is_float PASSED [ 55%]
tests/unit/domain/test_optimizer.py::TestWalkForward::test_combined_equity_not_empty PASSED [ 55%]
tests/unit/domain/test_optimizer.py::TestWalkForward::test_combined_equity_has_fold_annotation PASSED [ 55%]
tests/unit/domain/test_optimizer.py::TestWalkForward::test_to_dict_required_keys PASSED [ 55%]
tests/unit/domain/test_optimizer.py::TestWalkForward::test_fold_to_dict_required_keys PASSED [ 55%]
tests/unit/domain/test_optimizer.py::TestWalkForward::test_combined_return_computes_from_initial PASSED [ 55%]
tests/unit/domain/test_optimizer.py::TestWalkForward::test_too_few_bars_raises_value_error PASSED [ 56%]
tests/unit/domain/test_optimizer.py::TestWalkForward::test_n_splits_clamped_to_range PASSED [ 56%]
tests/unit/domain/test_optimizer.py::TestWalkForward::test_all_strategies_produce_valid_result[rsi] PASSED [ 56%]
tests/unit/domain/test_optimizer.py::TestWalkForward::test_all_strategies_produce_valid_result[macd] PASSED [ 56%]
tests/unit/domain/test_optimizer.py::TestWalkForward::test_all_strategies_produce_valid_result[bollinger] PASSED [ 56%]
tests/unit/domain/test_optimizer.py::TestWalkForward::test_all_strategies_produce_valid_result[ema_cross] PASSED [ 56%]
tests/unit/domain/test_optimizer.py::TestWalkForward::test_all_strategies_produce_valid_result[momentum] PASSED [ 56%]
tests/unit/domain/test_optimizer.py::TestWalkForward::test_oos_pct_affects_fold_sizes PASSED [ 57%]
tests/unit/domain/test_optimizer.py::TestOptimizerService::test_returns_optimization_result PASSED [ 57%]
tests/unit/domain/test_optimizer.py::TestOptimizerService::test_brapi_called_exactly_once PASSED [ 57%]
tests/unit/domain/test_optimizer.py::TestOptimizerService::test_invalid_objective_raises_backtest_error PASSED [ 57%]
tests/unit/domain/test_optimizer.py::TestOptimizerService::test_empty_bars_raises_backtest_error PASSED [ 57%]
tests/unit/domain/test_optimizer.py::TestOptimizerService::test_too_few_bars_raises_backtest_error PASSED [ 57%]
tests/unit/domain/test_optimizer.py::TestOptimizerService::test_top_n_capped_at_20 PASSED [ 57%]
tests/unit/domain/test_optimizer.py::TestOptimizerService::test_result_serializable PASSED [ 58%]
tests/unit/domain/test_optimizer.py::TestOptimizerService::test_all_objectives_work PASSED [ 58%]
tests/unit/domain/test_optimizer.py::TestWalkForwardService::test_returns_walk_forward_result PASSED [ 58%]
tests/unit/domain/test_optimizer.py::TestWalkForwardService::test_brapi_called_exactly_once PASSED [ 58%]
tests/unit/domain/test_optimizer.py::TestWalkForwardService::test_invalid_objective_raises_backtest_error PASSED [ 58%]
tests/unit/domain/test_optimizer.py::TestWalkForwardService::test_empty_bars_raises_backtest_error PASSED [ 58%]
tests/unit/domain/test_optimizer.py::TestWalkForwardService::test_too_few_bars_raises_backtest_error PASSED [ 58%]
tests/unit/domain/test_optimizer.py::TestWalkForwardService::test_correct_n_splits_in_result PASSED [ 58%]
tests/unit/domain/test_optimizer.py::TestWalkForwardService::test_anchored_flag_reflected_in_result PASSED [ 59%]
tests/unit/domain/test_optimizer.py::TestWalkForwardService::test_result_serializable PASSED [ 59%]
tests/unit/domain/test_optimizer.py::TestWalkForwardService::test_n_splits_clamped PASSED [ 59%]
tests/unit/domain/test_patrimony_ir.py::test_ir_180 PASSED               [ 59%]
tests/unit/domain/test_patrimony_ir.py::test_ir_181 PASSED               [ 59%]
tests/unit/domain/test_patrimony_ir.py::test_ir_360 PASSED               [ 59%]
tests/unit/domain/test_patrimony_ir.py::test_ir_361 PASSED               [ 59%]
tests/unit/domain/test_patrimony_ir.py::test_ir_720 PASSED               [ 60%]
tests/unit/domain/test_patrimony_ir.py::test_ir_721 PASSED               [ 60%]
tests/unit/domain/test_patrimony_ir.py::test_iof_day1 PASSED             [ 60%]
tests/unit/domain/test_patrimony_ir.py::test_iof_day15 PASSED            [ 60%]
tests/unit/domain/test_patrimony_ir.py::test_iof_day29 PASSED            [ 60%]
tests/unit/domain/test_patrimony_ir.py::test_iof_day30 PASSED            [ 60%]
tests/unit/domain/test_patrimony_ir.py::test_iof_day90 PASSED            [ 60%]
tests/unit/domain/test_patrimony_ir.py::test_cdb_ir_today PASSED         [ 61%]
tests/unit/domain/test_patrimony_ir.py::test_cdb_no_iof PASSED           [ 61%]
tests/unit/domain/test_patrimony_ir.py::test_cdb_has_saving PASSED       [ 61%]
tests/unit/domain/test_patrimony_ir.py::test_cdb_best_lower PASSED       [ 61%]
tests/unit/domain/test_patrimony_ir.py::test_cdb_net_positive PASSED     [ 61%]
tests/unit/domain/test_patrimony_ir.py::test_cdb_scenarios_gt1 PASSED    [ 61%]
tests/unit/domain/test_patrimony_ir.py::test_cdb_recommendation_not_empty PASSED [ 61%]
tests/unit/domain/test_patrimony_ir.py::test_lci_exempt PASSED           [ 62%]
tests/unit/domain/test_patrimony_ir.py::test_lci_ir_zero PASSED          [ 62%]
tests/unit/domain/test_patrimony_ir.py::test_lci_iof_zero PASSED         [ 62%]
tests/unit/domain/test_patrimony_ir.py::test_iof_active PASSED           [ 62%]
tests/unit/domain/test_patrimony_ir.py::test_iof_scenario PASSED         [ 62%]
tests/unit/domain/test_patrimony_ir.py::test_ir_base_after_iof PASSED    [ 62%]
tests/unit/domain/test_patrimony_ir.py::test_total_value PASSED          [ 62%]
tests/unit/domain/test_patrimony_ir.py::test_total_pl PASSED             [ 63%]
tests/unit/domain/test_patrimony_ir.py::test_pl_pct PASSED               [ 63%]
tests/unit/domain/test_patrimony_ir.py::test_weights_sum PASSED          [ 63%]
tests/unit/domain/test_patrimony_ir.py::test_eq_overweight PASSED        [ 63%]
tests/unit/domain/test_patrimony_ir.py::test_to_dict_keys PASSED         [ 63%]
tests/unit/domain/test_portfolio.py::TestPortfolio::test_initial_state PASSED [ 63%]
tests/unit/domain/test_portfolio.py::TestPortfolio::test_add_position PASSED [ 63%]
tests/unit/domain/test_portfolio.py::TestPortfolio::test_add_position_insufficient_funds PASSED [ 64%]
tests/unit/domain/test_portfolio.py::TestPortfolio::test_remove_position PASSED [ 64%]
tests/unit/domain/test_portfolio.py::TestPortfolio::test_remove_nonexistent_raises PASSED [ 64%]
tests/unit/domain/test_portfolio.py::TestPortfolio::test_average_price_calculation PASSED [ 64%]
tests/unit/domain/test_portfolio.py::TestPortfolio::test_profit_loss PASSED [ 64%]
tests/unit/domain/test_portfolio.py::TestPortfolio::test_total_invested PASSED [ 64%]
tests/unit/domain/test_portfolio_optimizer.py::test_markowitz_beats_ew_sharpe PASSED [ 64%]
tests/unit/domain/test_portfolio_optimizer.py::test_markowitz_weights_sum_100 PASSED [ 64%]
tests/unit/domain/test_portfolio_optimizer.py::test_rp_weights_sum_100 PASSED [ 65%]
tests/unit/domain/test_portfolio_optimizer.py::test_bl_weights_sum_100 PASSED [ 65%]
tests/unit/domain/test_portfolio_optimizer.py::test_ew_weights_equal PASSED [ 65%]
tests/unit/domain/test_portfolio_optimizer.py::test_frontier_not_empty PASSED [ 65%]
tests/unit/domain/test_portfolio_optimizer.py::test_frontier_has_vol_ret_sharpe PASSED [ 65%]
tests/unit/domain/test_portfolio_optimizer.py::test_markowitz_to_dict PASSED [ 65%]
tests/unit/domain/test_portfolio_optimizer.py::test_risk_parity_contributions_uniform PASSED [ 65%]
tests/unit/domain/test_portfolio_optimizer.py::test_bl_has_notes PASSED  [ 66%]
tests/unit/domain/test_portfolio_optimizer.py::test_bl_view_in_notes PASSED [ 66%]
tests/unit/domain/test_portfolio_optimizer.py::test_gauss_jordan_identity PASSED [ 66%]
tests/unit/domain/test_portfolio_optimizer.py::test_all_methods_positive_vol PASSED [ 66%]
tests/unit/domain/test_portfolio_optimizer.py::test_portfolios_long_only PASSED [ 66%]
tests/unit/domain/test_rf_portfolio.py::test_total_invested PASSED       [ 66%]
tests/unit/domain/test_rf_portfolio.py::test_allocation_by_indexer PASSED [ 66%]
tests/unit/domain/test_rf_portfolio.py::test_allocation_by_issuer PASSED [ 67%]
tests/unit/domain/test_rf_portfolio.py::test_ir_exempt_pct PASSED        [ 67%]
tests/unit/domain/test_rf_portfolio.py::test_avg_rate_weighted PASSED    [ 67%]
tests/unit/domain/test_rf_portfolio.py::test_matured_holdings_excluded PASSED [ 67%]
tests/unit/domain/test_rf_portfolio.py::test_diversification_score_excellent PASSED [ 67%]
tests/unit/domain/test_rf_portfolio.py::test_diversification_alerts_concentration PASSED [ 67%]
tests/unit/domain/test_rf_portfolio.py::test_diversification_recommendations_not_empty PASSED [ 67%]
tests/unit/domain/test_rf_portfolio.py::test_holding_days_held PASSED    [ 68%]
tests/unit/domain/test_rf_portfolio.py::test_holding_is_matured_false PASSED [ 68%]
tests/unit/domain/test_rf_portfolio.py::test_holding_to_dict_keys PASSED [ 68%]
tests/unit/domain/test_screener.py::TestFundamentalData::test_to_dict_has_all_fields PASSED [ 68%]
tests/unit/domain/test_screener.py::TestFundamentalData::test_to_dict_has_derived_fields PASSED [ 68%]
tests/unit/domain/test_screener.py::TestFundamentalData::test_pct_from_low_correct PASSED [ 68%]
tests/unit/domain/test_screener.py::TestFundamentalData::test_pct_from_high_correct PASSED [ 68%]
tests/unit/domain/test_screener.py::TestFundamentalData::test_pct_from_low_none_when_missing PASSED [ 69%]
tests/unit/domain/test_screener.py::TestFundamentalData::test_pct_from_high_none_when_missing PASSED [ 69%]
tests/unit/domain/test_screener.py::TestFundamentalData::test_none_fields_stay_none PASSED [ 69%]
tests/unit/domain/test_screener.py::TestFilterCriteria::test_is_empty_all_none PASSED [ 69%]
tests/unit/domain/test_screener.py::TestFilterCriteria::test_is_empty_one_set PASSED [ 69%]
tests/unit/domain/test_screener.py::TestFilterCriteria::test_from_dict_known_keys PASSED [ 69%]
tests/unit/domain/test_screener.py::TestFilterCriteria::test_from_dict_ignores_unknown PASSED [ 69%]
tests/unit/domain/test_screener.py::TestFilterCriteria::test_from_dict_skips_none_values PASSED [ 70%]
tests/unit/domain/test_screener.py::TestFilterCriteria::test_from_dict_empty_dict PASSED [ 70%]
tests/unit/domain/test_screener.py::TestPassesRange::test_none_value_always_passes PASSED [ 70%]
tests/unit/domain/test_screener.py::TestPassesRange::test_below_min_fails PASSED [ 70%]
tests/unit/domain/test_screener.py::TestPassesRange::test_above_max_fails PASSED [ 70%]
tests/unit/domain/test_screener.py::TestPassesRange::test_inside_range_passes PASSED [ 70%]
tests/unit/domain/test_screener.py::TestPassesRange::test_at_min_boundary_passes PASSED [ 70%]
tests/unit/domain/test_screener.py::TestPassesRange::test_at_max_boundary_passes PASSED [ 70%]
tests/unit/domain/test_screener.py::TestPassesRange::test_min_none_no_lower_bound PASSED [ 71%]
tests/unit/domain/test_screener.py::TestPassesRange::test_max_none_no_upper_bound PASSED [ 71%]
tests/unit/domain/test_screener.py::TestPassesRange::test_both_none_always_passes PASSED [ 71%]
tests/unit/domain/test_screener.py::TestApplyFilters::test_empty_criteria_passes_all PASSED [ 71%]
tests/unit/domain/test_screener.py::TestApplyFilters::test_pe_max_removes_expensive PASSED [ 71%]
tests/unit/domain/test_screener.py::TestApplyFilters::test_dy_min_removes_low_yield PASSED [ 71%]
tests/unit/domain/test_screener.py::TestApplyFilters::test_roe_min_removes_low_roe PASSED [ 71%]
tests/unit/domain/test_screener.py::TestApplyFilters::test_debt_equity_max_removes_over_leveraged PASSED [ 72%]
tests/unit/domain/test_screener.py::TestApplyFilters::test_sector_filter_case_insensitive PASSED [ 72%]
tests/unit/domain/test_screener.py::TestApplyFilters::test_sector_filter_substring PASSED [ 72%]
tests/unit/domain/test_screener.py::TestApplyFilters::test_market_cap_min_in_billions PASSED [ 72%]
tests/unit/domain/test_screener.py::TestApplyFilters::test_market_cap_max_in_billions PASSED [ 72%]
tests/unit/domain/test_screener.py::TestApplyFilters::test_multiple_filters_and_logic PASSED [ 72%]
tests/unit/domain/test_screener.py::TestApplyFilters::test_none_field_does_not_disqualify PASSED [ 72%]
tests/unit/domain/test_screener.py::TestApplyFilters::test_sorted_by_score_desc PASSED [ 73%]
tests/unit/domain/test_screener.py::TestApplyFilters::test_empty_input_returns_empty PASSED [ 73%]
tests/unit/domain/test_screener.py::TestApplyFilters::test_all_fail_returns_empty PASSED [ 73%]
tests/unit/domain/test_screener.py::TestCompositeScore::test_high_roe_dy_increases_score PASSED [ 73%]
tests/unit/domain/test_screener.py::TestCompositeScore::test_high_pe_penalizes PASSED [ 73%]
tests/unit/domain/test_screener.py::TestCompositeScore::test_high_debt_penalizes PASSED [ 73%]
tests/unit/domain/test_screener.py::TestCompositeScore::test_none_fields_ignored PASSED [ 73%]
tests/unit/domain/test_screener.py::TestCompositeScore::test_score_differentiates_profiles PASSED [ 74%]
tests/unit/domain/test_screener.py::TestParseFundamental::test_decimal_dy_converted_to_pct PASSED [ 74%]
tests/unit/domain/test_screener.py::TestParseFundamental::test_decimal_roe_converted_to_pct PASSED [ 74%]
tests/unit/domain/test_screener.py::TestParseFundamental::test_ticker_from_symbol PASSED [ 74%]
tests/unit/domain/test_screener.py::TestParseFundamental::test_sector_populated PASSED [ 74%]
tests/unit/domain/test_screener.py::TestParseFundamental::test_none_pe_stays_none PASSED [ 74%]
tests/unit/domain/test_screener.py::TestParseFundamental::test_invalid_value_becomes_none PASSED [ 74%]
tests/unit/domain/test_screener.py::TestParseFundamental::test_pct_helper_decimal_to_percent PASSED [ 75%]
tests/unit/domain/test_screener.py::TestParseFundamental::test_num_helper PASSED [ 75%]
tests/unit/domain/test_screener.py::TestScreenerService::test_returns_screener_result PASSED [ 75%]
tests/unit/domain/test_screener.py::TestScreenerService::test_all_stocks_in_result PASSED [ 75%]
tests/unit/domain/test_screener.py::TestScreenerService::test_filters_applied PASSED [ 75%]
tests/unit/domain/test_screener.py::TestScreenerService::test_sectors_populated PASSED [ 75%]
tests/unit/domain/test_screener.py::TestScreenerService::test_empty_sector_not_in_sectors_list PASSED [ 75%]
tests/unit/domain/test_screener.py::TestScreenerService::test_use_universe_true_includes_ibov PASSED [ 76%]
tests/unit/domain/test_screener.py::TestScreenerService::test_use_universe_false_only_extra PASSED [ 76%]
tests/unit/domain/test_screener.py::TestScreenerService::test_empty_universe_raises PASSED [ 76%]
tests/unit/domain/test_screener.py::TestScreenerService::test_batch_failure_does_not_cancel_others PASSED [ 76%]
tests/unit/domain/test_screener.py::TestScreenerService::test_extra_tickers_capped_at_max PASSED [ 76%]
tests/unit/domain/test_screener.py::TestScreenerService::test_to_dict_serializable PASSED [ 76%]
tests/unit/domain/test_screener.py::TestScreenerService::test_result_sorted_by_score PASSED [ 76%]
tests/unit/domain/test_stop_loss.py::TestStopLossRule::test_no_violation_above_stop PASSED [ 76%]
tests/unit/domain/test_stop_loss.py::TestStopLossRule::test_violation_at_stop PASSED [ 77%]
tests/unit/domain/test_stop_loss.py::TestStopLossRule::test_violation_below_stop PASSED [ 77%]
tests/unit/domain/test_stop_loss.py::TestTrailingStopRule::test_no_violation PASSED [ 77%]
tests/unit/domain/test_stop_loss.py::TestTrailingStopRule::test_violation PASSED [ 77%]
tests/unit/domain/test_value_objects.py::TestMoney::test_creates_with_decimal PASSED [ 77%]
tests/unit/domain/test_value_objects.py::TestMoney::test_rounds_to_two_places PASSED [ 77%]
tests/unit/domain/test_value_objects.py::TestMoney::test_addition_same_currency PASSED [ 77%]
tests/unit/domain/test_value_objects.py::TestMoney::test_subtraction PASSED [ 78%]
tests/unit/domain/test_value_objects.py::TestMoney::test_multiplication PASSED [ 78%]
tests/unit/domain/test_value_objects.py::TestMoney::test_addition_different_currencies_raises PASSED [ 78%]
tests/unit/domain/test_value_objects.py::TestMoney::test_is_positive PASSED [ 78%]
tests/unit/domain/test_value_objects.py::TestMoney::test_comparison PASSED [ 78%]
tests/unit/domain/test_value_objects.py::TestMoney::test_invalid_value_raises PASSED [ 78%]
tests/unit/domain/test_value_objects.py::TestTicker::test_normalizes_to_uppercase PASSED [ 78%]
tests/unit/domain/test_value_objects.py::TestTicker::test_strips_whitespace PASSED [ 79%]
tests/unit/domain/test_value_objects.py::TestTicker::test_empty_raises PASSED [ 79%]
tests/unit/domain/test_value_objects.py::TestTicker::test_special_chars_raises PASSED [ 79%]
tests/unit/domain/test_value_objects.py::TestTicker::test_too_long_raises PASSED [ 79%]
tests/unit/domain/test_value_objects.py::TestTicker::test_equality PASSED [ 79%]
tests/unit/domain/test_value_objects.py::TestTicker::test_str_representation PASSED [ 79%]
tests/unit/domain/test_value_objects.py::TestQuantity::test_creates_positive PASSED [ 79%]
tests/unit/domain/test_value_objects.py::TestQuantity::test_zero_raises PASSED [ 80%]
tests/unit/domain/test_value_objects.py::TestQuantity::test_negative_raises PASSED [ 80%]
tests/unit/domain/test_value_objects.py::TestQuantity::test_addition PASSED [ 80%]
tests/unit/domain/test_value_objects.py::TestQuantity::test_fractional PASSED [ 80%]
tests/unit/domain/test_value_objects.py::TestPercentage::test_from_fraction PASSED [ 80%]
tests/unit/domain/test_value_objects.py::TestPercentage::test_as_fraction PASSED [ 80%]
tests/unit/domain/test_value_objects.py::TestPercentage::test_out_of_range_raises PASSED [ 80%]
tests/unit/domain/test_watchlist.py::TestCalcRsi::test_insufficient_data_returns_none PASSED [ 81%]
tests/unit/domain/test_watchlist.py::TestCalcRsi::test_all_gains_returns_100 PASSED [ 81%]
tests/unit/domain/test_watchlist.py::TestCalcRsi::test_all_losses_returns_zero PASSED [ 81%]
tests/unit/domain/test_watchlist.py::TestCalcRsi::test_neutral_market_mid_range PASSED [ 81%]
tests/unit/domain/test_watchlist.py::TestCalcRsi::test_exactly_period_plus_one_sufficient PASSED [ 81%]
tests/unit/domain/test_watchlist.py::TestCalcSma::test_insufficient_returns_none PASSED [ 81%]
tests/unit/domain/test_watchlist.py::TestCalcSma::test_exact_period PASSED [ 81%]
tests/unit/domain/test_watchlist.py::TestCalcSma::test_uses_last_n_values PASSED [ 82%]
tests/unit/domain/test_watchlist.py::TestCalcSma::test_single_value_period_one PASSED [ 82%]
tests/unit/domain/test_watchlist.py::TestWatchlistItem::test_create_item PASSED [ 82%]
tests/unit/domain/test_watchlist.py::TestWatchlistItem::test_add_smart_alert PASSED [ 82%]
tests/unit/domain/test_watchlist.py::TestWatchlistItem::test_add_duplicate_type_raises PASSED [ 82%]
tests/unit/domain/test_watchlist.py::TestWatchlistItem::test_active_alerts_excludes_deleted PASSED [ 82%]
tests/unit/domain/test_watchlist.py::TestWatchlistItem::test_to_dict_structure PASSED [ 82%]
tests/unit/domain/test_watchlist.py::TestSmartAlertCooldown::test_active_alert_is_evaluatable PASSED [ 82%]
tests/unit/domain/test_watchlist.py::TestSmartAlertCooldown::test_paused_alert_not_evaluatable PASSED [ 83%]
tests/unit/domain/test_watchlist.py::TestSmartAlertCooldown::test_deleted_alert_not_evaluatable PASSED [ 83%]
tests/unit/domain/test_watchlist.py::TestSmartAlertCooldown::test_cooldown_in_effect_not_evaluatable PASSED [ 83%]
tests/unit/domain/test_watchlist.py::TestSmartAlertCooldown::test_cooldown_expired_becomes_evaluatable PASSED [ 83%]
tests/unit/domain/test_watchlist.py::TestSmartAlertCooldown::test_mark_triggered_sets_cooldown PASSED [ 83%]
tests/unit/domain/test_watchlist.py::TestEvaluateSmartAlert::test_rsi_oversold_triggers_on_downtrend PASSED [ 83%]
tests/unit/domain/test_watchlist.py::TestEvaluateSmartAlert::test_rsi_oversold_not_triggered_on_uptrend PASSED [ 83%]
tests/unit/domain/test_watchlist.py::TestEvaluateSmartAlert::test_rsi_oversold_insufficient_data PASSED [ 84%]
tests/unit/domain/test_watchlist.py::TestEvaluateSmartAlert::test_rsi_overbought_triggers_on_uptrend PASSED [ 84%]
tests/unit/domain/test_watchlist.py::TestEvaluateSmartAlert::test_rsi_overbought_not_triggered_on_downtrend PASSED [ 84%]
tests/unit/domain/test_watchlist.py::TestEvaluateSmartAlert::test_ma_cross_up_triggers_on_breakout PASSED [ 84%]
tests/unit/domain/test_watchlist.py::TestEvaluateSmartAlert::test_ma_cross_down_triggers PASSED [ 84%]
tests/unit/domain/test_watchlist.py::TestEvaluateSmartAlert::test_volume_spike_triggers_on_high_volume PASSED [ 84%]
tests/unit/domain/test_watchlist.py::TestEvaluateSmartAlert::test_volume_spike_not_triggered_on_normal_volume PASSED [ 84%]
tests/unit/domain/test_watchlist.py::TestEvaluateSmartAlert::test_volume_spike_insufficient_data PASSED [ 85%]
tests/unit/domain/test_watchlist.py::TestEvaluateSmartAlert::test_new_high_52w_triggers PASSED [ 85%]
tests/unit/domain/test_watchlist.py::TestEvaluateSmartAlert::test_new_high_52w_not_triggered_below_prev PASSED [ 85%]
tests/unit/domain/test_watchlist.py::TestEvaluateSmartAlert::test_new_low_52w_triggers PASSED [ 85%]
tests/unit/domain/test_watchlist.py::TestEvaluateSmartAlert::test_new_low_52w_not_triggered_above_prev PASSED [ 85%]
tests/unit/domain/test_watchlist.py::TestEvaluateSmartAlert::test_price_above_triggers PASSED [ 85%]
tests/unit/domain/test_watchlist.py::TestEvaluateSmartAlert::test_price_above_not_triggered_below_threshold PASSED [ 85%]
tests/unit/domain/test_watchlist.py::TestEvaluateSmartAlert::test_price_above_zero_threshold_not_triggered PASSED [ 86%]
tests/unit/domain/test_watchlist.py::TestEvaluateSmartAlert::test_price_below_triggers PASSED [ 86%]
tests/unit/domain/test_watchlist.py::TestEvaluateSmartAlert::test_price_below_not_triggered_above_threshold PASSED [ 86%]
tests/unit/domain/test_watchlist.py::TestEvaluateSmartAlert::test_result_has_all_fields PASSED [ 86%]
tests/unit/domain/test_watchlist.py::TestEvaluateSmartAlert::test_not_triggered_result_has_triggered_false PASSED [ 86%]
tests/unit/domain/test_yield_curve.py::test_yield_curve_point_rate_pct PASSED [ 86%]
tests/unit/domain/test_yield_curve.py::test_yield_curve_point_maturity_years PASSED [ 86%]
tests/unit/domain/test_yield_curve.py::test_yield_curve_point_frozen PASSED [ 87%]
tests/unit/domain/test_yield_curve.py::test_curve_short_rate PASSED      [ 87%]
tests/unit/domain/test_yield_curve.py::test_curve_long_rate PASSED       [ 87%]
tests/unit/domain/test_yield_curve.py::test_curve_not_inverted PASSED    [ 87%]
tests/unit/domain/test_yield_curve.py::test_curve_slope_positive PASSED  [ 87%]
tests/unit/domain/test_yield_curve.py::test_curve_inverted PASSED        [ 87%]
tests/unit/domain/test_yield_curve.py::test_curve_empty_points PASSED    [ 87%]
tests/unit/domain/test_yield_curve.py::test_stress_scenario_base PASSED  [ 88%]
tests/unit/domain/test_yield_curve.py::test_stress_scenario_selic_up PASSED [ 88%]
tests/unit/domain/test_yield_curve.py::test_stress_scenario_ipca_up PASSED [ 88%]
tests/unit/domain/test_yield_curve.py::test_stress_scenario_floor_at_zero PASSED [ 88%]
tests/unit/domain/test_yield_curve.py::test_standard_scenarios_count PASSED [ 88%]
tests/unit/domain/test_yield_curve.py::test_standard_scenarios_has_base PASSED [ 88%]
tests/unit/domain/test_yield_curve.py::test_standard_scenarios_colors_distinct PASSED [ 88%]
tests/unit/domain/test_yield_curve.py::test_scenario_comparison_base PASSED [ 88%]
tests/unit/domain/test_yield_curve.py::test_scenario_comparison_max_drawdown PASSED [ 89%]
tests/unit/domain/test_yield_curve.py::test_scenario_comparison_empty PASSED [ 89%]
tests/unit/infrastructure/test_cache.py::TestInMemoryCache::test_set_and_get PASSED [ 89%]
tests/unit/infrastructure/test_cache.py::TestInMemoryCache::test_get_missing_returns_none PASSED [ 89%]
tests/unit/infrastructure/test_cache.py::TestInMemoryCache::test_delete PASSED [ 89%]
tests/unit/infrastructure/test_cache.py::TestInMemoryCache::test_delete_nonexistent_is_noop PASSED [ 89%]
tests/unit/infrastructure/test_cache.py::TestInMemoryCache::test_ttl_expired_returns_none PASSED [ 89%]
tests/unit/infrastructure/test_cache.py::TestInMemoryCache::test_ttl_not_expired PASSED [ 90%]
tests/unit/infrastructure/test_cache.py::TestInMemoryCache::test_exists_true PASSED [ 90%]
tests/unit/infrastructure/test_cache.py::TestInMemoryCache::test_exists_false PASSED [ 90%]
tests/unit/infrastructure/test_cache.py::TestInMemoryCache::test_exists_expired PASSED [ 90%]
tests/unit/infrastructure/test_cache.py::TestInMemoryCache::test_overwrite_value PASSED [ 90%]
tests/unit/infrastructure/test_cache.py::TestInMemoryCache::test_large_value_rejected PASSED [ 90%]
tests/unit/infrastructure/test_cache.py::TestInMemoryCache::test_eviction_on_max_entries PASSED [ 90%]
tests/unit/infrastructure/test_cache.py::TestInMemoryCache::test_stats_excludes_expired PASSED [ 91%]
tests/unit/infrastructure/test_cache.py::TestInMemoryCache::test_close_clears_store PASSED [ 91%]
tests/unit/infrastructure/test_cache.py::TestMakeCacheKey::test_deterministic PASSED [ 91%]
tests/unit/infrastructure/test_cache.py::TestMakeCacheKey::test_order_independent PASSED [ 91%]
tests/unit/infrastructure/test_cache.py::TestMakeCacheKey::test_different_params PASSED [ 91%]
tests/unit/infrastructure/test_cache.py::TestMakeCacheKey::test_different_prefix PASSED [ 91%]
tests/unit/infrastructure/test_cache.py::TestMakeCacheKey::test_key_starts_with_prefix PASSED [ 91%]
tests/unit/infrastructure/test_cache.py::TestMakeCacheKey::test_key_has_fixed_length_hash PASSED [ 92%]
tests/unit/infrastructure/test_cache.py::TestMakeCacheKey::test_empty_params PASSED [ 92%]
tests/unit/infrastructure/test_cache.py::TestMakeCacheKey::test_nested_values_serializable PASSED [ 92%]
tests/unit/infrastructure/test_cache.py::TestInMemoryRateLimiter::test_first_request_allowed PASSED [ 92%]
tests/unit/infrastructure/test_cache.py::TestInMemoryRateLimiter::test_within_limit_allowed PASSED [ 92%]
tests/unit/infrastructure/test_cache.py::TestInMemoryRateLimiter::test_exceeds_limit_blocked PASSED [ 92%]
tests/unit/infrastructure/test_cache.py::TestInMemoryRateLimiter::test_blocked_has_retry_after PASSED [ 92%]
tests/unit/infrastructure/test_cache.py::TestInMemoryRateLimiter::test_remaining_decrements PASSED [ 93%]
tests/unit/infrastructure/test_cache.py::TestInMemoryRateLimiter::test_remaining_zero_when_blocked PASSED [ 93%]
tests/unit/infrastructure/test_cache.py::TestInMemoryRateLimiter::test_limit_in_result PASSED [ 93%]
tests/unit/infrastructure/test_cache.py::TestInMemoryRateLimiter::test_reset_at_in_future PASSED [ 93%]
tests/unit/infrastructure/test_cache.py::TestInMemoryRateLimiter::test_different_keys_independent PASSED [ 93%]
tests/unit/infrastructure/test_cache.py::TestInMemoryRateLimiter::test_sliding_window_evicts_old PASSED [ 93%]
tests/unit/infrastructure/test_cache.py::TestInMemoryRateLimiter::test_close_clears_windows PASSED [ 93%]
tests/unit/infrastructure/test_cache.py::TestRateLimitResultHeaders::test_allowed_headers PASSED [ 94%]
tests/unit/infrastructure/test_cache.py::TestRateLimitResultHeaders::test_blocked_headers_include_retry_after PASSED [ 94%]
tests/unit/infrastructure/test_cache.py::TestRateLimitResultHeaders::test_remaining_floored_at_zero PASSED [ 94%]
tests/unit/infrastructure/test_cache.py::TestFactories::test_create_cache_backend_no_url_returns_inmemory PASSED [ 94%]
tests/unit/infrastructure/test_cache.py::TestFactories::test_create_cache_backend_with_url_returns_redis PASSED [ 94%]
tests/unit/infrastructure/test_cache.py::TestFactories::test_create_rate_limiter_no_url_returns_inmemory PASSED [ 94%]
tests/unit/infrastructure/test_cache.py::TestFactories::test_create_rate_limiter_with_url_returns_redis PASSED [ 94%]
tests/unit/infrastructure/test_market_data_client.py::TestToYahooTicker::test_b3_stock_gets_sa_suffix PASSED [ 94%]
tests/unit/infrastructure/test_market_data_client.py::TestToYahooTicker::test_b3_bank_gets_sa_suffix PASSED [ 95%]
tests/unit/infrastructure/test_market_data_client.py::TestToYahooTicker::test_b3_etf_gets_sa_suffix PASSED [ 95%]
tests/unit/infrastructure/test_market_data_client.py::TestToYahooTicker::test_b3_fii_gets_sa_suffix PASSED [ 95%]
tests/unit/infrastructure/test_market_data_client.py::TestToYahooTicker::test_already_has_suffix_is_idempotent PASSED [ 95%]
tests/unit/infrastructure/test_market_data_client.py::TestToYahooTicker::test_uppercase_normalization PASSED [ 95%]
tests/unit/infrastructure/test_market_data_client.py::TestToYahooTicker::test_us_stock_no_digit_no_suffix PASSED [ 95%]
tests/unit/infrastructure/test_market_data_client.py::TestToYahooTicker::test_us_stock_msft PASSED [ 95%]
tests/unit/infrastructure/test_market_data_client.py::TestToYahooTicker::test_with_whitespace_stripped PASSED [ 96%]
tests/unit/infrastructure/test_market_data_client.py::TestToYahooTicker::test_b3_preferred_stock PASSED [ 96%]
tests/unit/infrastructure/test_market_data_client.py::TestToYahooTicker::test_b3_unit_stock PASSED [ 96%]
tests/unit/infrastructure/test_market_data_client.py::TestNormalizeVolume::test_int PASSED [ 96%]
tests/unit/infrastructure/test_market_data_client.py::TestNormalizeVolume::test_float PASSED [ 96%]
tests/unit/infrastructure/test_market_data_client.py::TestNormalizeVolume::test_none PASSED [ 96%]
tests/unit/infrastructure/test_market_data_client.py::TestNormalizeVolume::test_nan PASSED [ 96%]
tests/unit/infrastructure/test_market_data_client.py::TestNormalizeVolume::test_zero PASSED [ 97%]
tests/unit/infrastructure/test_market_data_client.py::TestNormalizeVolume::test_string_int PASSED [ 97%]
tests/unit/infrastructure/test_market_data_client.py::TestCompositeMarketDataClient::test_brapi_sufficient_no_yahoo_call PASSED [ 97%]
tests/unit/infrastructure/test_market_data_client.py::TestCompositeMarketDataClient::test_brapi_insufficient_triggers_yahoo PASSED [ 97%]
tests/unit/infrastructure/test_market_data_client.py::TestCompositeMarketDataClient::test_brapi_empty_triggers_yahoo PASSED [ 97%]
tests/unit/infrastructure/test_market_data_client.py::TestCompositeMarketDataClient::test_brapi_raises_triggers_yahoo PASSED [ 97%]
tests/unit/infrastructure/test_market_data_client.py::TestCompositeMarketDataClient::test_both_fail_returns_empty PASSED [ 97%]
tests/unit/infrastructure/test_market_data_client.py::TestCompositeMarketDataClient::test_long_range_goes_directly_to_yahoo PASSED [ 98%]
tests/unit/infrastructure/test_market_data_client.py::TestCompositeMarketDataClient::test_10y_range_yahoo_primary PASSED [ 98%]
tests/unit/infrastructure/test_market_data_client.py::TestCompositeMarketDataClient::test_max_range_yahoo_primary PASSED [ 98%]
tests/unit/infrastructure/test_market_data_client.py::TestCompositeMarketDataClient::test_long_range_yahoo_fails_brapi_fallback PASSED [ 98%]
tests/unit/infrastructure/test_market_data_client.py::TestCompositeMarketDataClient::test_brapi_exactly_threshold_no_fallback PASSED [ 98%]
tests/unit/infrastructure/test_market_data_client.py::TestCompositeMarketDataClient::test_brapi_below_threshold_triggers_fallback PASSED [ 98%]
tests/unit/infrastructure/test_market_data_client.py::TestCompositeMarketDataClient::test_get_quote_delegates_to_brapi PASSED [ 98%]
tests/unit/infrastructure/test_market_data_client.py::TestCompositeMarketDataClient::test_is_healthy_true_if_either_available PASSED [ 99%]
tests/unit/infrastructure/test_market_data_client.py::TestCompositeMarketDataClient::test_is_healthy_false_if_both_down PASSED [ 99%]
tests/unit/infrastructure/test_market_data_client.py::TestCompositeMarketDataClient::test_close_calls_both PASSED [ 99%]
tests/unit/infrastructure/test_market_data_client.py::TestYahooPreferredRanges::test_5y_in_preferred PASSED [ 99%]
tests/unit/infrastructure/test_market_data_client.py::TestYahooPreferredRanges::test_10y_in_preferred PASSED [ 99%]
tests/unit/infrastructure/test_market_data_client.py::TestYahooPreferredRanges::test_max_in_preferred PASSED [ 99%]
tests/unit/infrastructure/test_market_data_client.py::TestYahooPreferredRanges::test_1y_not_in_preferred PASSED [ 99%]
tests/unit/infrastructure/test_market_data_client.py::TestYahooPreferredRanges::test_2y_not_in_preferred PASSED [100%]

================================== FAILURES ===================================
__________________ TestJWTHandler.test_tampered_token_raises __________________
tests\unit\domain\test_auth.py:202: in test_tampered_token_raises
    with pytest.raises((TokenInvalidError, TokenExpiredError)):
         ^^^^^^^^^^^^^^^^^^^^^^^^^^^^^^^^^^^^^^^^^^^^^^^^^^^^^
E   Failed: DID NOT RAISE any of (<class 'finanalytics_ai.domain.auth.entities.TokenInvalidError'>, <class 'finanalytics_ai.domain.auth.entities.TokenExpiredError'>)
___________________ TestJWTHandler.test_wrong_secret_raises ___________________
tests\unit\domain\test_auth.py:209: in test_wrong_secret_raises
    with pytest.raises((TokenInvalidError, TokenExpiredError)):
         ^^^^^^^^^^^^^^^^^^^^^^^^^^^^^^^^^^^^^^^^^^^^^^^^^^^^^
E   Failed: DID NOT RAISE any of (<class 'finanalytics_ai.domain.auth.entities.TokenInvalidError'>, <class 'finanalytics_ai.domain.auth.entities.TokenExpiredError'>)
__________________________ test_uncovered_score_low ___________________________
tests\unit\domain\test_fgc.py:49: in test_uncovered_score_low
    def test_uncovered_score_low():      assert _unc.score <= 50
                                         ^^^^^^^^^^^^^^^^^^^^^^^
E   AssertionError: assert 75 <= 50
E    +  where 75 = FGCAnalysis(portfolio_id='p1', total_invested=80000, total_fgc_covered=0, total_sovereign=0, total_uncovered=80000, total_at_risk=0.0, institutions=[], holding_statuses=[FGCHoldingStatus(holding_id='h1', bond_name='CRI Fundo X', bond_type='CRI', issuer='Fundo X', invested=50000, coverage='none', coverage_label='\u26a0\ufe0f Sem cobertura FGC', is_within_limit=False, excess_amount=50000, alert_level='critical', alert_message='CRI: n\xe3o coberto pelo FGC. O risco de cr\xe9dito \xe9 do emissor/estruturador. Avalie rating e garantias espec\xedficas do papel.'), FGCHoldingStatus(holding_id='h2', bond_name='Deb\xeanture Empresa', bond_type='Deb\xeanture', issuer='Empresa', invested=30000, coverage='none', coverage_label='\u26a0\ufe0f Sem cobertura FGC', is_within_limit=False, excess_amount=30000, alert_level='critical', alert_message='Deb\xeanture: n\xe3o coberto pelo FGC. O risco de cr\xe9dito \xe9 do emissor/estruturador. Avalie rating e garantias espec\xedficas do papel.')], alerts=[{'type': 'no_fgc_coverage', 'level': 'critical', 'message': '2 t\xedtulo(s) SEM cobertura FGC: CRI Fundo X, Deb\xeanture Empresa. Total exposto: R$ 80,000.'}], summary={'total_invested': 80000, 'total_fgc_covered': 0, 'total_sovereign': 0, 'total_uncovered': 80000, 'total_at_risk': 0.0, 'fgc_coverage_pct': 0.0, 'uncovered_pct': 100.0, 'n_institutions': 0, 'score': 75}, score=75).score
============================== warnings summary ===============================
tests/unit/application/test_event_processor.py::TestEventProcessorService::test_processes_new_event
tests/unit/application/test_event_processor.py::TestEventProcessorService::test_skips_duplicate_event
tests/unit/application/test_event_processor.py::TestEventProcessorService::test_idempotency_event_id_is_key
tests/unit/application/test_event_processor.py::TestEventProcessorService::test_idempotency_event_id_is_key
  <string>:7: DeprecationWarning: datetime.datetime.utcnow() is deprecated and scheduled for removal in a future version. Use timezone-aware objects to represent datetimes in UTC: datetime.datetime.now(datetime.UTC).

tests/unit/application/test_event_processor.py::TestEventProcessorService::test_processes_new_event
tests/unit/application/test_event_processor.py::TestEventProcessorService::test_idempotency_event_id_is_key
  D:\Projetos\finanalytics_ai\src\finanalytics_ai\domain\entities\event.py:79: DeprecationWarning: datetime.datetime.utcnow() is deprecated and scheduled for removal in a future version. Use timezone-aware objects to represent datetimes in UTC: datetime.datetime.now(datetime.UTC).
    processed_at=datetime.utcnow(),

tests/unit/domain/test_new_strategies.py: 3 warnings
tests/unit/domain/test_optimizer.py: 4109 warnings
  D:\Projetos\finanalytics_ai\src\finanalytics_ai\domain\backtesting\engine.py:213: DeprecationWarning: datetime.datetime.utcnow() is deprecated and scheduled for removal in a future version. Use timezone-aware objects to represent datetimes in UTC: datetime.datetime.now(datetime.UTC).
    entry_date   = datetime.utcnow()

tests/unit/domain/test_portfolio.py: 7 warnings
tests/unit/domain/test_watchlist.py: 5 warnings
  <string>:9: DeprecationWarning: datetime.datetime.utcnow() is deprecated and scheduled for removal in a future version. Use timezone-aware objects to represent datetimes in UTC: datetime.datetime.now(datetime.UTC).

tests/unit/domain/test_portfolio.py: 7 warnings
tests/unit/domain/test_watchlist.py: 32 warnings
  <string>:10: DeprecationWarning: datetime.datetime.utcnow() is deprecated and scheduled for removal in a future version. Use timezone-aware objects to represent datetimes in UTC: datetime.datetime.now(datetime.UTC).

tests/unit/domain/test_portfolio.py::TestPortfolio::test_add_position
tests/unit/domain/test_portfolio.py::TestPortfolio::test_remove_position
tests/unit/domain/test_portfolio.py::TestPortfolio::test_average_price_calculation
tests/unit/domain/test_portfolio.py::TestPortfolio::test_average_price_calculation
tests/unit/domain/test_portfolio.py::TestPortfolio::test_total_invested
tests/unit/domain/test_portfolio.py::TestPortfolio::test_total_invested
  D:\Projetos\finanalytics_ai\src\finanalytics_ai\domain\entities\portfolio.py:85: DeprecationWarning: datetime.datetime.utcnow() is deprecated and scheduled for removal in a future version. Use timezone-aware objects to represent datetimes in UTC: datetime.datetime.now(datetime.UTC).
    self.updated_at = datetime.utcnow()

tests/unit/domain/test_portfolio.py::TestPortfolio::test_remove_position
  D:\Projetos\finanalytics_ai\src\finanalytics_ai\domain\entities\portfolio.py:111: DeprecationWarning: datetime.datetime.utcnow() is deprecated and scheduled for removal in a future version. Use timezone-aware objects to represent datetimes in UTC: datetime.datetime.now(datetime.UTC).
    self.updated_at = datetime.utcnow()

tests/unit/domain/test_watchlist.py::TestSmartAlertCooldown::test_cooldown_in_effect_not_evaluatable
tests/unit/domain/test_watchlist.py::TestSmartAlertCooldown::test_mark_triggered_sets_cooldown
  D:\Projetos\finanalytics_ai\src\finanalytics_ai\domain\watchlist\entities.py:134: DeprecationWarning: datetime.datetime.utcnow() is deprecated and scheduled for removal in a future version. Use timezone-aware objects to represent datetimes in UTC: datetime.datetime.now(datetime.UTC).
    self.last_triggered_at = datetime.utcnow()

tests/unit/domain/test_watchlist.py::TestSmartAlertCooldown::test_cooldown_in_effect_not_evaluatable
tests/unit/domain/test_watchlist.py::TestSmartAlertCooldown::test_cooldown_expired_becomes_evaluatable
  D:\Projetos\finanalytics_ai\src\finanalytics_ai\domain\watchlist\entities.py:127: DeprecationWarning: datetime.datetime.utcnow() is deprecated and scheduled for removal in a future version. Use timezone-aware objects to represent datetimes in UTC: datetime.datetime.now(datetime.UTC).
    if datetime.utcnow() < cooldown_end:

tests/unit/domain/test_watchlist.py::TestSmartAlertCooldown::test_cooldown_expired_becomes_evaluatable
  D:\Projetos\finanalytics_ai\tests\unit\domain\test_watchlist.py:178: DeprecationWarning: datetime.datetime.utcnow() is deprecated and scheduled for removal in a future version. Use timezone-aware objects to represent datetimes in UTC: datetime.datetime.now(datetime.UTC).
    alert.last_triggered_at = datetime.utcnow() - timedelta(hours=2)

-- Docs: https://docs.pytest.org/en/stable/how-to/capture-warnings.html
=========================== short test summary info ===========================
FAILED tests/unit/domain/test_auth.py::TestJWTHandler::test_tampered_token_raises - Failed: DID NOT RAISE any of (<class 'finanalytics_ai.domain.auth.entities.TokenInvalidError'>, <class 'finanalytics_ai.domain.auth.entities.TokenExpiredError'>)
FAILED tests/unit/domain/test_auth.py::TestJWTHandler::test_wrong_secret_raises - Failed: DID NOT RAISE any of (<class 'finanalytics_ai.domain.auth.entities.TokenInvalidError'>, <class 'finanalytics_ai.domain.auth.entities.TokenExpiredError'>)
FAILED tests/unit/domain/test_fgc.py::test_uncovered_score_low - AssertionError: assert 75 <= 50
 +  where 75 = FGCAnalysis(portfolio_id='p1', total_invested=80000, total_fgc_covered=0, total_sovereign=0, total_uncovered=80000, total_at_risk=0.0, institutions=[], holding_statuses=[FGCHoldingStatus(holding_id='h1', bond_name='CRI Fundo X', bond_type='CRI', issuer='Fundo X', invested=50000, coverage='none', coverage_label='\u26a0\ufe0f Sem cobertura FGC', is_within_limit=False, excess_amount=50000, alert_level='critical', alert_message='CRI: n\xe3o coberto pelo FGC. O risco de cr\xe9dito \xe9 do emissor/estruturador. Avalie rating e garantias espec\xedficas do papel.'), FGCHoldingStatus(holding_id='h2', bond_name='Deb\xeanture Empresa', bond_type='Deb\xeanture', issuer='Empresa', invested=30000, coverage='none', coverage_label='\u26a0\ufe0f Sem cobertura FGC', is_within_limit=False, excess_amount=30000, alert_level='critical', alert_message='Deb\xeanture: n\xe3o coberto pelo FGC. O risco de cr\xe9dito \xe9 do emissor/estruturador. Avalie rating e garantias espec\xedficas do papel.')], alerts=[{'type': 'no_fgc_coverage', 'level': 'critical', 'message': '2 t\xedtulo(s) SEM cobertura FGC: CRI Fundo X, Deb\xeanture Empresa. Total exposto: R$ 80,000.'}], summary={'total_invested': 80000, 'total_fgc_covered': 0, 'total_sovereign': 0, 'total_uncovered': 80000, 'total_at_risk': 0.0, 'fgc_coverage_pct': 0.0, 'uncovered_pct': 100.0, 'n_institutions': 0, 'score': 75}, score=75).score
================ 3 failed, 714 passed, 4181 warnings in 3.63s =================
